make all --print-data-base --no-builtin-variables --no-builtin-rules --question
# GNU Make 4.1
# Built for x86_64-pc-linux-gnu
# Copyright (C) 1988-2014 Free Software Foundation, Inc.
# License GPLv3+: GNU GPL version 3 or later <http://gnu.org/licenses/gpl.html>
# This is free software: you are free to change and redistribute it.
# There is NO WARRANTY, to the extent permitted by law.

# Make data base, printed on Tue Nov  9 21:14:31 2021

# Variables

# automatic
<D = $(patsubst %/,%,$(dir $<))
# automatic
?F = $(notdir $?)
# environment
DESKTOP_SESSION = xsession
# default
.SHELLFLAGS := -c
# environment
XDG_SESSION_TYPE = x11
# environment
VSCODE_LOG_NATIVE = false
# automatic
?D = $(patsubst %/,%,$(dir $?))
# automatic
@D = $(patsubst %/,%,$(dir $@))
# environment
XAUTHORITY = /home/add2rng/.Xauthority
# environment
GDMSESSION = xsession
# default
MAKE_VERSION := 4.1
# makefile
CURDIR := /home/add2rng/git/lox/clox
# makefile
SHELL = /bin/sh
# environment
VSCODE_NLS_CONFIG = {"locale":"en-us","availableLanguages":{},"_languagePackSupport":true}
# environment
_ = /usr/bin/code
# makefile (from 'Makefile', line 2)
CFLAGS = -g -Wall
# environment
CDC_JOINED_ZONE = OU=DE,OU=Zones,OU=CLIENTCOMPUTERS,OU=Osd-clients,OU=Applications,DC=de,DC=bosch,DC=com
# environment
ftp_proxy = http://127.0.0.1:3128/
# environment
XDG_CONFIG_DIRS = /etc/xdg/xdg-xsession:/etc/xdg
# makefile (from 'Makefile', line 1)
MAKEFILE_LIST :=  Makefile
# automatic
@F = $(notdir $@)
# 'override' directive
GNUMAKEFLAGS := 
# environment
MANDATORY_PATH = /usr/share/gconf/xsession.mandatory.path
# environment
XDG_DATA_DIRS = /usr/share/xsession:/usr/local/share:/usr/share:/var/lib/snapd/desktop
# environment
DBUS_SESSION_BUS_ADDRESS = unix:path=/run/user/10000730/bus
# environment
VSCODE_VERBOSE_LOGGING = true
# environment
DISPLAY = :0
# environment
DCONF_PROFILE = osd_proxy
# environment
VSCODE_IPC_HOOK_EXTHOST = /run/user/10000730/vscode-ipc-1a847d6a-d88c-4e45-839a-a46e4ed6893d.sock
# environment
VSCODE_CWD = /home/add2rng
# environment
XDG_SESSION_PATH = /org/freedesktop/DisplayManager/Session0
# default
MAKE_HOST := x86_64-pc-linux-gnu
# environment
PATH = /home/add2rng/.local/bin:/home/add2rng/bin:/usr/local/sbin:/usr/local/bin:/usr/sbin:/usr/bin:/sbin:/bin:/usr/games:/usr/local/games:/snap/bin:/home/add2rng/.cargo/bin/
# environment
CDC_PREW2KHOST = rngx7982
# environment
GPG_AGENT_INFO = /run/user/10000730/gnupg/S.gpg-agent:0:1
# environment
XDG_RUNTIME_DIR = /run/user/10000730
# environment
CDC_LOCALHOST = rngx7982.rng.de.bosch.com
# environment
VSCODE_LOG_STACK = false
# environment
VSCODE_CRASH_REPORTER_START_OPTIONS = {"companyName":"Microsoft","productName":"VSCode","submitURL":"appcenter://code?aid=fba07a4d-84bd-4fc8-a125-9640fc8ce171&uid=c354c218-07dd-4ab7-b226-95279a47638e&iid=c354c218-07dd-4ab7-b226-95279a47638e&sid=c354c218-07dd-4ab7-b226-95279a47638e","uploadToServer":true}
# default
.FEATURES := target-specific order-only second-expansion else-if shortest-stem undefine oneshell archives jobserver output-sync check-symlink load
# environment
XDG_GREETER_DATA_DIR = /var/lib/lightdm-data/add2rng
# environment
XDG_SESSION_DESKTOP = xsession
# environment
SSH_AUTH_SOCK = /tmp/ssh-8Z8rFXuDlFWF/agent.8192
# automatic
%F = $(notdir $%)
# environment
HTTPS_PROXY = http://127.0.0.1:3128/
# environment
no_proxy = localhost,127.0.0.1,127.*,172.*,192.168.*,10.*,de.bosch.com,apac.bosch.com,emea.bosch.com,us.bosch.com,rb-artifactory.bosch.com,sourcecode01.de.bosch.com,sourcecode.socialcoding.bosch.com
# environment
DA_SESSION_ID_AUTH = 048bd9ac-f964-294a-8787-1b4a0a259344
# environment
VSCODE_PIPE_LOGGING = true
# environment
FTP_PROXY = http://127.0.0.1:3128/
# environment
PWD = /home/add2rng/git/lox/clox
# environment
XDG_SEAT = seat0
# environment
SSH_AGENT_PID = 8364
# environment
ORIGINAL_XDG_CURRENT_DESKTOP = undefined
# environment
GTK_MODULES = gail:atk-bridge
# environment
VSCODE_AMD_ENTRYPOINT = vs/workbench/services/extensions/node/extensionHostProcess
# environment
HOME = /home/add2rng
# environment
VSCODE_CLI = 1
# environment
VSCODE_CODE_CACHE_PATH = /home/add2rng/.config/Code/CachedData/6cba118ac49a1b88332f312a8f67186f7f3c1643
# environment
LOGNAME = add2rng
# environment
APPLICATION_INSIGHTS_NO_DIAGNOSTIC_CHANNEL = true
# environment
ELECTRON_NO_ATTACH_CONSOLE = 1
# environment
VSCODE_HANDLES_UNCAUGHT_ERRORS = true
# automatic
^D = $(patsubst %/,%,$(dir $^))
# environment
XDG_VTNR = 7
# environment
MAKELEVEL := 0
# default
MAKE = $(MAKE_COMMAND)
# default
MAKECMDGOALS := all
# environment
SHLVL = 1
# makefile (from 'Makefile', line 1)
CC = gcc
# environment
XDG_SESSION_ID = c2
# environment
USER = add2rng
# makefile
.DEFAULT_GOAL := default
# environment
LIBVIRT_DEFAULT_URI = qemu:///system
# automatic
%D = $(patsubst %/,%,$(dir $%))
# environment
CDC_JOINED_SITE = RASVPN-EMEA
# default
MAKE_COMMAND := make
# environment
CDC_JOINED_DC = fe-bcd116.de.bosch.com
# default
.VARIABLES := 
# automatic
*F = $(notdir $*)
# environment
LANGUAGE = en_US:en
# environment
XDG_SEAT_PATH = /org/freedesktop/DisplayManager/Seat0
# environment
VSCODE_IPC_HOOK = /run/user/10000730/vscode-c51ee4b4-1.61.2-main.sock
# makefile
MAKEFLAGS = pqrR
# environment
MFLAGS = -pqrR
# automatic
*D = $(patsubst %/,%,$(dir $*))
# environment
BREAKPAD_DUMP_LOCATION = /home/add2rng/.config/Code/exthost Crash Reports
# automatic
+D = $(patsubst %/,%,$(dir $+))
# environment
GDK_BACKEND = x11
# automatic
+F = $(notdir $+)
# environment
HTTP_PROXY = http://127.0.0.1:3128/
# environment
QT_ACCESSIBILITY = 1
# environment
DEFAULTS_PATH = /usr/share/gconf/xsession.default.path
# default
MAKEFILES := 
# environment
CDC_JOINED_DOMAIN = de.bosch.com
# automatic
<F = $(notdir $<)
# environment
https_proxy = http://127.0.0.1:3128/
# environment
ELECTRON_RUN_AS_NODE = 1
# environment
LC_ALL = C
# automatic
^F = $(notdir $^)
# environment
USER_PRINCIPAL_NAME = ADD2RNG@DE.BOSCH.COM
# default
SUFFIXES := 
# environment
CHROME_DESKTOP = code-url-handler.desktop
# default
.INCLUDE_DIRS = /usr/include /usr/local/include /usr/include
# default
.RECIPEPREFIX := 
# environment
http_proxy = http://127.0.0.1:3128/
# environment
LANG = C
# environment
VSCODE_PID = 22322
# variable set hash-table stats:
# Load=107/1024=10%, Rehash=0, Collisions=12/132=9%

# Pattern-specific Variable Values

# No pattern-specific variable values.

# Directories

# . (device 64769, inode 4201197): 36 files, no impossibilities.

# 36 files, no impossibilities in 1 directories.

# Implicit Rules

# No implicit rules.

# Files

# Not a target:
scanner.o:
#  Implicit rule search has been done.
#  Last modified 2021-11-09 21:14:17.391858547
#  File has been updated.
#  Successfully updated.

all: clox
#  Command line target.
#  Implicit rule search has been done.
#  File does not exist.
#  File has been updated.
#  Successfully updated.

# Not a target:
chunk.o:
#  Implicit rule search has been done.
#  Last modified 2021-11-09 21:14:17.315858549
#  File has been updated.
#  Successfully updated.

# Not a target:
object.o:
#  Implicit rule search has been done.
#  Last modified 2021-11-09 21:14:17.367858548
#  File has been updated.
#  Successfully updated.

# Not a target:
Makefile:
#  Implicit rule search has been done.
#  Last modified 2021-11-09 21:14:12.099858664
#  File has been updated.
#  Successfully updated.

# Not a target:
debug.o:
 
#  Implicit rule search has been done.
#  Last modified 2021-11-09 21:14:17.27585855
#  File has been updated.
#  Successfully updated.

# Not a target:
value.o:
#  Implicit rule search has been done.
#  Last modified 2021-11-09 21:14:17.27585855
#  File has been updated.
#  Successfully updated.

# Not a target:
linenoise.o:
#  Implicit rule search has been done.
#  Last modified 2021-11-09 21:14:17.519858544
#  File has been updated.
#  Successfully updated.

# Not a target:
vm.o:
#  Implicit rule search has been done.
#  Last modified 2021-11-09 21:14:17.303858549
#  File has been updated.
#  Successfully updated.

default: clox
#  Implicit rule search has not been done.
#  Modification time never checked.
#  File has not been updated.

# Not a target:
.DEFAULT:
#  Implicit rule search has not been done.
#  Modification time never checked.
#  File has not been updated.

clean:
#  Implicit rule search has not been done.
#  Modification time never checked.
#  File has not been updated.
#  recipe to execute (from 'Makefile', line 13):
	$(RM) clox *.o *~

# Not a target:
clox.o:
#  Implicit rule search has been done.
#  Last modified 2021-11-09 21:14:17.311858549
#  File has been updated.
#  Successfully updated.

clox: clox.o compiler.o chunk.o debug.o memory.o value.o vm.o scanner.o object.o linenoise.o
#  Implicit rule search has not been done.
#  Last modified 2021-11-09 21:14:17.603858542
#  File has been updated.
#  Successfully updated.
#  recipe to execute (from 'Makefile', line 8):
	$(CC) $(CFLAGS) -o clox clox.o compiler.o chunk.o debug.o memory.o value.o vm.o scanner.o object.o linenoise.o

# Not a target:
memory.o:
#  Implicit rule search has been done.
#  Last modified 2021-11-09 21:14:17.303858549
#  File has been updated.
#  Successfully updated.

# Not a target:
compiler.o:
#  Implicit rule search has been done.
#  Last modified 2021-11-09 21:14:17.291858549
#  File has been updated.
#  Successfully updated.

# files hash-table stats:
# Load=17/1024=2%, Rehash=0, Collisions=2/41=5%
# VPATH Search Paths

# No 'vpath' search paths.

# No general ('VPATH' variable) search path.

# strcache buffers: 1 (0) / strings = 43 / storage = 371 B / avg = 8 B
# current buf: size = 8162 B / used = 371 B / count = 43 / avg = 8 B

# strcache performance: lookups = 65 / hit rate = 33%
# hash-table stats:
# Load=43/8192=1%, Rehash=0, Collisions=6/65=9%
# Finished Make data base on Tue Nov  9 21:14:31 2021

 
